[INFO ] START
[INFO ] Reading network from .graph file
[INFO ] Creating distance map
[INFO ] .. Distance distrubution built
[INFO ] .. Periferals found
[INFO ] Starting split network creep
[INFO ] Creating border map
[INFO ] Start negotiations
[INFO ] .. Negotiations complete
[INFO ] B (35) :: ['B', 'C', 'A', 'K', 'N', 'D', 'H', 'E']
[INFO ] G (35) :: ['G', 'F', 'I', 'P', 'J', 'O', 'Q']
[INFO ] U (31) :: ['U', 'R', 'T', 'M', 'L']
[INFO ] Y (29) :: ['Y', 'X', 'S', 'Z', 'W', 'V']
[INFO ] Composing split array
[INFO ] Split array prepared
[INFO ] 
BBBBBBBBBG
BBBBBBBBGG
UUBBBBBBBG
UUBBGGBBBG
UUBBGGGGBG
UUBBGGGGBG
UUUUGGGGGG
UUUUGGGGGG
UUUYGGGYYY
UUUYGGGYYY
UUUYYYYYYY
UUUYYYYYYY
UUUYYYYYYY

